This is pdfTeX, Version 3.141592653-2.6-1.40.25 (MiKTeX 23.5) (preloaded format=pdflatex 2023.5.15)  15 MAY 2023 13:35
entering extended mode
 restricted \write18 enabled.
 file:line:error style messages enabled.
 %&-line parsing enabled.
**d:/Alberto/Projetos/Latex/RPG-WOD-werewolf-manual/main.tex
(d:/Alberto/Projetos/Latex/RPG-WOD-werewolf-manual/main.tex
LaTeX2e <2022-11-01> patch level 1
L3 programming layer <2023-05-11> (C:\Users\jrdap\AppData\Local\Programs\MiKTeX\tex/latex/base\article.cls
Document Class: article 2022/07/02 v1.4n Standard LaTeX document class
(C:\Users\jrdap\AppData\Local\Programs\MiKTeX\tex/latex/base\size11.clo
File: size11.clo 2022/07/02 v1.4n Standard LaTeX file (size option)
)
\c@part=\count185
\c@section=\count186
\c@subsection=\count187
\c@subsubsection=\count188
\c@paragraph=\count189
\c@subparagraph=\count190
\c@figure=\count191
\c@table=\count192
\abovecaptionskip=\skip48
\belowcaptionskip=\skip49
\bibindent=\dimen140
) (C:\Users\jrdap\AppData\Local\Programs\MiKTeX\tex/latex/base\inputenc.sty
Package: inputenc 2021/02/14 v1.3d Input encoding file
\inpenc@prehook=\toks16
\inpenc@posthook=\toks17
) (C:\Users\jrdap\AppData\Local\Programs\MiKTeX\tex/generic/babel\babel.sty
Package: babel 2023/05/11 v3.89 The Babel package
\babel@savecnt=\count193
\U@D=\dimen141
\l@unhyphenated=\language79
 (C:\Users\jrdap\AppData\Local\Programs\MiKTeX\tex/generic/babel\txtbabel.def)
\bbl@readstream=\read2
\bbl@dirlevel=\count194

*************************************
* Local config file bblopts.cfg used
*
(C:\Users\jrdap\AppData\Local\Programs\MiKTeX\tex/latex/arabi\bblopts.cfg
File: bblopts.cfg 2005/09/08 v0.1 add Arabic and Farsi to "declared" options of babel
) (C:\Users\jrdap\AppData\Local\Programs\MiKTeX\tex/latex/babel-portuges\brazil.ldf
Language: portuges 2021/07/09 v1.2t Portuguese support from the babel system
Package babel Info: Hyphen rules for 'brazil' set to \l@portuguese
(babel)             (\language56). Reported on input line 111.
Package babel Info: Making " an active character on input line 143.
)) (C:\Users\jrdap\AppData\Local\Programs\MiKTeX\tex/latex/enumitem\enumitem.sty
Package: enumitem 2019/06/20 v3.9 Customized lists
\enitkv@toks@=\toks18
\labelindent=\skip50
\enit@outerparindent=\dimen142
\enit@toks=\toks19
\enit@inbox=\box51
\enit@count@id=\count195
\enitdp@description=\count196
) (C:\Users\jrdap\AppData\Local\Programs\MiKTeX\tex/latex/tools\multicol.sty
Package: multicol 2021/11/30 v1.9d multicolumn formatting (FMi)
\c@tracingmulticols=\count197
\mult@box=\box52
\multicol@leftmargin=\dimen143
\c@unbalance=\count198
\c@collectmore=\count199
\doublecol@number=\count266
\multicoltolerance=\count267
\multicolpretolerance=\count268
\full@width=\dimen144
\page@free=\dimen145
\premulticols=\dimen146
\postmulticols=\dimen147
\multicolsep=\skip51
\multicolbaselineskip=\skip52
\partial@page=\box53
\last@line=\box54
\maxbalancingoverflow=\dimen148
\mult@rightbox=\box55
\mult@grightbox=\box56
\mult@firstbox=\box57
\mult@gfirstbox=\box58
\@tempa=\box59
\@tempa=\box60
\@tempa=\box61
\@tempa=\box62
\@tempa=\box63
\@tempa=\box64
\@tempa=\box65
\@tempa=\box66
\@tempa=\box67
\@tempa=\box68
\@tempa=\box69
\@tempa=\box70
\@tempa=\box71
\@tempa=\box72
\@tempa=\box73
\@tempa=\box74
\@tempa=\box75
\@tempa=\box76
\@tempa=\box77
\@tempa=\box78
\@tempa=\box79
\@tempa=\box80
\@tempa=\box81
\@tempa=\box82
\@tempa=\box83
\@tempa=\box84
\@tempa=\box85
\@tempa=\box86
\@tempa=\box87
\@tempa=\box88
\@tempa=\box89
\@tempa=\box90
\@tempa=\box91
\@tempa=\box92
\@tempa=\box93
\@tempa=\box94
\c@minrows=\count269
\c@columnbadness=\count270
\c@finalcolumnbadness=\count271
\last@try=\dimen149
\multicolovershoot=\dimen150
\multicolundershoot=\dimen151
\mult@nat@firstbox=\box95
\colbreak@box=\box96
\mc@col@check@num=\count272
) (C:\Users\jrdap\AppData\Local\Programs\MiKTeX\tex/latex/graphics\graphicx.sty
Package: graphicx 2021/09/16 v1.2d Enhanced LaTeX Graphics (DPC,SPQR)
 (C:\Users\jrdap\AppData\Local\Programs\MiKTeX\tex/latex/graphics\keyval.sty
Package: keyval 2022/05/29 v1.15 key=value parser (DPC)
\KV@toks@=\toks20
) (C:\Users\jrdap\AppData\Local\Programs\MiKTeX\tex/latex/graphics\graphics.sty
Package: graphics 2022/03/10 v1.4e Standard LaTeX Graphics (DPC,SPQR)
 (C:\Users\jrdap\AppData\Local\Programs\MiKTeX\tex/latex/graphics\trig.sty
Package: trig 2021/08/11 v1.11 sin cos tan (DPC)
) (C:\Users\jrdap\AppData\Local\Programs\MiKTeX\tex/latex/graphics-cfg\graphics.cfg
File: graphics.cfg 2016/06/04 v1.11 sample graphics configuration
)
Package graphics Info: Driver file: pdftex.def on input line 107.
 (C:\Users\jrdap\AppData\Local\Programs\MiKTeX\tex/latex/graphics-def\pdftex.def
File: pdftex.def 2022/09/22 v1.2b Graphics/color driver for pdftex
))
\Gin@req@height=\dimen152
\Gin@req@width=\dimen153
) (C:\Users\jrdap\AppData\Local\Programs\MiKTeX\tex/latex/url\url.sty
\Urlmuskip=\muskip16
Package: url 2013/09/16  ver 3.4  Verb mode for urls, etc.
) (C:\Users\jrdap\AppData\Local\Programs\MiKTeX\tex/latex/opensans\opensans.sty
Package: opensans 2019/06/20 Style file for Open Sans.
 (C:\Users\jrdap\AppData\Local\Programs\MiKTeX\tex/latex/fontaxes\fontaxes.sty
Package: fontaxes 2020/07/21 v1.0e Font selection axes
LaTeX Info: Redefining \upshape on input line 29.
LaTeX Info: Redefining \itshape on input line 31.
LaTeX Info: Redefining \slshape on input line 33.
LaTeX Info: Redefining \swshape on input line 35.
LaTeX Info: Redefining \scshape on input line 37.
LaTeX Info: Redefining \sscshape on input line 39.
LaTeX Info: Redefining \ulcshape on input line 41.
LaTeX Info: Redefining \textsw on input line 47.
LaTeX Info: Redefining \textssc on input line 48.
LaTeX Info: Redefining \textulc on input line 49.
) (C:\Users\jrdap\AppData\Local\Programs\MiKTeX\tex/generic/iftex\ifluatex.sty
Package: ifluatex 2019/10/25 v1.5 ifluatex legacy package. Use iftex instead.
 (C:\Users\jrdap\AppData\Local\Programs\MiKTeX\tex/generic/iftex\iftex.sty
Package: iftex 2022/02/03 v1.0f TeX engine tests
)) (C:\Users\jrdap\AppData\Local\Programs\MiKTeX\tex/generic/iftex\ifxetex.sty
Package: ifxetex 2019/10/25 v0.7 ifxetex legacy package. Use iftex instead.
) (C:\Users\jrdap\AppData\Local\Programs\MiKTeX\tex/latex/xkeyval\xkeyval.sty
Package: xkeyval 2022/06/16 v2.9 package option processing (HA)
 (C:\Users\jrdap\AppData\Local\Programs\MiKTeX\tex/generic/xkeyval\xkeyval.tex (C:\Users\jrdap\AppData\Local\Programs\MiKTeX\tex/generic/xkeyval\xkvutils.tex
\XKV@toks=\toks21
\XKV@tempa@toks=\toks22
)
\XKV@depth=\count273
File: xkeyval.tex 2014/12/03 v2.7a key=value parser (HA)
))) (C:\Users\jrdap\AppData\Local\Programs\MiKTeX\tex/latex/booktabs\booktabs.sty
Package: booktabs 2020/01/12 v1.61803398 Publication quality tables
\heavyrulewidth=\dimen154
\lightrulewidth=\dimen155
\cmidrulewidth=\dimen156
\belowrulesep=\dimen157
\belowbottomsep=\dimen158
\aboverulesep=\dimen159
\abovetopsep=\dimen160
\cmidrulesep=\dimen161
\cmidrulekern=\dimen162
\defaultaddspace=\dimen163
\@cmidla=\count274
\@cmidlb=\count275
\@aboverulesep=\dimen164
\@belowrulesep=\dimen165
\@thisruleclass=\count276
\@lastruleclass=\count277
\@thisrulewidth=\dimen166
) (C:\Users\jrdap\AppData\Local\Programs\MiKTeX\tex/latex/float\float.sty
Package: float 2001/11/08 v1.3d Float enhancements (AL)
\c@float@type=\count278
\float@exts=\toks23
\float@box=\box97
\@float@everytoks=\toks24
\@floatcapt=\box98
) (C:\Users\jrdap\AppData\Local\Programs\MiKTeX\tex/latex/geometry\geometry.sty
Package: geometry 2020/01/02 v5.9 Page Geometry
 (C:\Users\jrdap\AppData\Local\Programs\MiKTeX\tex/generic/iftex\ifvtex.sty
Package: ifvtex 2019/10/25 v1.7 ifvtex legacy package. Use iftex instead.
)
\Gm@cnth=\count279
\Gm@cntv=\count280
\c@Gm@tempcnt=\count281
\Gm@bindingoffset=\dimen167
\Gm@wd@mp=\dimen168
\Gm@odd@mp=\dimen169
\Gm@even@mp=\dimen170
\Gm@layoutwidth=\dimen171
\Gm@layoutheight=\dimen172
\Gm@layouthoffset=\dimen173
\Gm@layoutvoffset=\dimen174
\Gm@dimlist=\toks25
 (C:\Users\jrdap\AppData\Local\Programs\MiKTeX\tex/latex/geometry\geometry.cfg)) (C:\Users\jrdap\AppData\Local\Programs\MiKTeX\tex/latex/xcolor\xcolor.sty
Package: xcolor 2022/06/12 v2.14 LaTeX color extensions (UK)
 (C:\Users\jrdap\AppData\Local\Programs\MiKTeX\tex/latex/graphics-cfg\color.cfg
File: color.cfg 2016/01/02 v1.6 sample color configuration
)
Package xcolor Info: Driver file: pdftex.def on input line 227.
 (C:\Users\jrdap\AppData\Local\Programs\MiKTeX\tex/latex/colortbl\colortbl.sty
Package: colortbl 2022/06/20 v1.0f Color table columns (DPC)
 (C:\Users\jrdap\AppData\Local\Programs\MiKTeX\tex/latex/tools\array.sty
Package: array 2022/09/04 v2.5g Tabular extension package (FMi)
\col@sep=\dimen175
\ar@mcellbox=\box99
\extrarowheight=\dimen176
\NC@list=\toks26
\extratabsurround=\skip53
\backup@length=\skip54
\ar@cellbox=\box100
)
\everycr=\toks27
\minrowclearance=\skip55
\rownum=\count282
) (C:\Users\jrdap\AppData\Local\Programs\MiKTeX\tex/latex/graphics\mathcolor.ltx)
Package xcolor Info: Model `cmy' substituted by `cmy0' on input line 1353.
Package xcolor Info: Model `hsb' substituted by `rgb' on input line 1357.
Package xcolor Info: Model `RGB' extended on input line 1369.
Package xcolor Info: Model `HTML' substituted by `rgb' on input line 1371.
Package xcolor Info: Model `Hsb' substituted by `hsb' on input line 1372.
Package xcolor Info: Model `tHsb' substituted by `hsb' on input line 1373.
Package xcolor Info: Model `HSB' substituted by `hsb' on input line 1374.
Package xcolor Info: Model `Gray' substituted by `gray' on input line 1375.
Package xcolor Info: Model `wave' substituted by `hsb' on input line 1376.
) (C:\Users\jrdap\AppData\Local\Programs\MiKTeX\tex/latex/background\background.sty
Package: background 2014/03/04 v2.1 background material
 (C:\Users\jrdap\AppData\Local\Programs\MiKTeX\tex/latex/pgf/frontendlayer\tikz.sty (C:\Users\jrdap\AppData\Local\Programs\MiKTeX\tex/latex/pgf/basiclayer\pgf.sty (C:\Users\jrdap\AppData\Local\Programs\MiKTeX\tex/latex/pgf/utilities\pgfrcs.sty (C:\Users\jrdap\AppData\Local\Programs\MiKTeX\tex/generic/pgf/utilities\pgfutil-common.tex
\pgfutil@everybye=\toks28
\pgfutil@tempdima=\dimen177
\pgfutil@tempdimb=\dimen178
) (C:\Users\jrdap\AppData\Local\Programs\MiKTeX\tex/generic/pgf/utilities\pgfutil-latex.def
\pgfutil@abb=\box101
) (C:\Users\jrdap\AppData\Local\Programs\MiKTeX\tex/generic/pgf/utilities\pgfrcs.code.tex (C:\Users\jrdap\AppData\Local\Programs\MiKTeX\tex/generic/pgf\pgf.revision.tex)
Package: pgfrcs 2023-01-15 v3.1.10 (3.1.10)
))
Package: pgf 2023-01-15 v3.1.10 (3.1.10)
 (C:\Users\jrdap\AppData\Local\Programs\MiKTeX\tex/latex/pgf/basiclayer\pgfcore.sty (C:\Users\jrdap\AppData\Local\Programs\MiKTeX\tex/latex/pgf/systemlayer\pgfsys.sty (C:\Users\jrdap\AppData\Local\Programs\MiKTeX\tex/generic/pgf/systemlayer\pgfsys.code.tex
Package: pgfsys 2023-01-15 v3.1.10 (3.1.10)
 (C:\Users\jrdap\AppData\Local\Programs\MiKTeX\tex/generic/pgf/utilities\pgfkeys.code.tex
\pgfkeys@pathtoks=\toks29
\pgfkeys@temptoks=\toks30
 (C:\Users\jrdap\AppData\Local\Programs\MiKTeX\tex/generic/pgf/utilities\pgfkeyslibraryfiltered.code.tex
\pgfkeys@tmptoks=\toks31
))
\pgf@x=\dimen179
\pgf@y=\dimen180
\pgf@xa=\dimen181
\pgf@ya=\dimen182
\pgf@xb=\dimen183
\pgf@yb=\dimen184
\pgf@xc=\dimen185
\pgf@yc=\dimen186
\pgf@xd=\dimen187
\pgf@yd=\dimen188
\w@pgf@writea=\write3
\r@pgf@reada=\read3
\c@pgf@counta=\count283
\c@pgf@countb=\count284
\c@pgf@countc=\count285
\c@pgf@countd=\count286
\t@pgf@toka=\toks32
\t@pgf@tokb=\toks33
\t@pgf@tokc=\toks34
\pgf@sys@id@count=\count287
 (C:\Users\jrdap\AppData\Local\Programs\MiKTeX\tex/generic/pgf/systemlayer\pgf.cfg
File: pgf.cfg 2023-01-15 v3.1.10 (3.1.10)
)
Driver file for pgf: pgfsys-pdftex.def
 (C:\Users\jrdap\AppData\Local\Programs\MiKTeX\tex/generic/pgf/systemlayer\pgfsys-pdftex.def
File: pgfsys-pdftex.def 2023-01-15 v3.1.10 (3.1.10)
 (C:\Users\jrdap\AppData\Local\Programs\MiKTeX\tex/generic/pgf/systemlayer\pgfsys-common-pdf.def
File: pgfsys-common-pdf.def 2023-01-15 v3.1.10 (3.1.10)
))) (C:\Users\jrdap\AppData\Local\Programs\MiKTeX\tex/generic/pgf/systemlayer\pgfsyssoftpath.code.tex
File: pgfsyssoftpath.code.tex 2023-01-15 v3.1.10 (3.1.10)
\pgfsyssoftpath@smallbuffer@items=\count288
\pgfsyssoftpath@bigbuffer@items=\count289
) (C:\Users\jrdap\AppData\Local\Programs\MiKTeX\tex/generic/pgf/systemlayer\pgfsysprotocol.code.tex
File: pgfsysprotocol.code.tex 2023-01-15 v3.1.10 (3.1.10)
)) (C:\Users\jrdap\AppData\Local\Programs\MiKTeX\tex/generic/pgf/basiclayer\pgfcore.code.tex
Package: pgfcore 2023-01-15 v3.1.10 (3.1.10)
 (C:\Users\jrdap\AppData\Local\Programs\MiKTeX\tex/generic/pgf/math\pgfmath.code.tex (C:\Users\jrdap\AppData\Local\Programs\MiKTeX\tex/generic/pgf/math\pgfmathutil.code.tex) (C:\Users\jrdap\AppData\Local\Programs\MiKTeX\tex/generic/pgf/math\pgfmathparser.code.tex
\pgfmath@dimen=\dimen189
\pgfmath@count=\count290
\pgfmath@box=\box102
\pgfmath@toks=\toks35
\pgfmath@stack@operand=\toks36
\pgfmath@stack@operation=\toks37
) (C:\Users\jrdap\AppData\Local\Programs\MiKTeX\tex/generic/pgf/math\pgfmathfunctions.code.tex) (C:\Users\jrdap\AppData\Local\Programs\MiKTeX\tex/generic/pgf/math\pgfmathfunctions.basic.code.tex) (C:\Users\jrdap\AppData\Local\Programs\MiKTeX\tex/generic/pgf/math\pgfmathfunctions.trigonometric.code.tex) (C:\Users\jrdap\AppData\Local\Programs\MiKTeX\tex/generic/pgf/math\pgfmathfunctions.random.code.tex) (C:\Users\jrdap\AppData\Local\Programs\MiKTeX\tex/generic/pgf/math\pgfmathfunctions.comparison.code.tex) (C:\Users\jrdap\AppData\Local\Programs\MiKTeX\tex/generic/pgf/math\pgfmathfunctions.base.code.tex) (C:\Users\jrdap\AppData\Local\Programs\MiKTeX\tex/generic/pgf/math\pgfmathfunctions.round.code.tex) (C:\Users\jrdap\AppData\Local\Programs\MiKTeX\tex/generic/pgf/math\pgfmathfunctions.misc.code.tex) (C:\Users\jrdap\AppData\Local\Programs\MiKTeX\tex/generic/pgf/math\pgfmathfunctions.integerarithmetics.code.tex) (C:\Users\jrdap\AppData\Local\Programs\MiKTeX\tex/generic/pgf/math\pgfmathcalc.code.tex) (C:\Users\jrdap\AppData\Local\Programs\MiKTeX\tex/generic/pgf/math\pgfmathfloat.code.tex
\c@pgfmathroundto@lastzeros=\count291
)) (C:\Users\jrdap\AppData\Local\Programs\MiKTeX\tex/generic/pgf/math\pgfint.code.tex) (C:\Users\jrdap\AppData\Local\Programs\MiKTeX\tex/generic/pgf/basiclayer\pgfcorepoints.code.tex
File: pgfcorepoints.code.tex 2023-01-15 v3.1.10 (3.1.10)
\pgf@picminx=\dimen190
\pgf@picmaxx=\dimen191
\pgf@picminy=\dimen192
\pgf@picmaxy=\dimen193
\pgf@pathminx=\dimen194
\pgf@pathmaxx=\dimen195
\pgf@pathminy=\dimen196
\pgf@pathmaxy=\dimen197
\pgf@xx=\dimen198
\pgf@xy=\dimen199
\pgf@yx=\dimen256
\pgf@yy=\dimen257
\pgf@zx=\dimen258
\pgf@zy=\dimen259
) (C:\Users\jrdap\AppData\Local\Programs\MiKTeX\tex/generic/pgf/basiclayer\pgfcorepathconstruct.code.tex
File: pgfcorepathconstruct.code.tex 2023-01-15 v3.1.10 (3.1.10)
\pgf@path@lastx=\dimen260
\pgf@path@lasty=\dimen261
) (C:\Users\jrdap\AppData\Local\Programs\MiKTeX\tex/generic/pgf/basiclayer\pgfcorepathusage.code.tex
File: pgfcorepathusage.code.tex 2023-01-15 v3.1.10 (3.1.10)
\pgf@shorten@end@additional=\dimen262
\pgf@shorten@start@additional=\dimen263
) (C:\Users\jrdap\AppData\Local\Programs\MiKTeX\tex/generic/pgf/basiclayer\pgfcorescopes.code.tex
File: pgfcorescopes.code.tex 2023-01-15 v3.1.10 (3.1.10)
\pgfpic=\box103
\pgf@hbox=\box104
\pgf@layerbox@main=\box105
\pgf@picture@serial@count=\count292
) (C:\Users\jrdap\AppData\Local\Programs\MiKTeX\tex/generic/pgf/basiclayer\pgfcoregraphicstate.code.tex
File: pgfcoregraphicstate.code.tex 2023-01-15 v3.1.10 (3.1.10)
\pgflinewidth=\dimen264
) (C:\Users\jrdap\AppData\Local\Programs\MiKTeX\tex/generic/pgf/basiclayer\pgfcoretransformations.code.tex
File: pgfcoretransformations.code.tex 2023-01-15 v3.1.10 (3.1.10)
\pgf@pt@x=\dimen265
\pgf@pt@y=\dimen266
\pgf@pt@temp=\dimen267
) (C:\Users\jrdap\AppData\Local\Programs\MiKTeX\tex/generic/pgf/basiclayer\pgfcorequick.code.tex
File: pgfcorequick.code.tex 2023-01-15 v3.1.10 (3.1.10)
) (C:\Users\jrdap\AppData\Local\Programs\MiKTeX\tex/generic/pgf/basiclayer\pgfcoreobjects.code.tex
File: pgfcoreobjects.code.tex 2023-01-15 v3.1.10 (3.1.10)
) (C:\Users\jrdap\AppData\Local\Programs\MiKTeX\tex/generic/pgf/basiclayer\pgfcorepathprocessing.code.tex
File: pgfcorepathprocessing.code.tex 2023-01-15 v3.1.10 (3.1.10)
) (C:\Users\jrdap\AppData\Local\Programs\MiKTeX\tex/generic/pgf/basiclayer\pgfcorearrows.code.tex
File: pgfcorearrows.code.tex 2023-01-15 v3.1.10 (3.1.10)
\pgfarrowsep=\dimen268
) (C:\Users\jrdap\AppData\Local\Programs\MiKTeX\tex/generic/pgf/basiclayer\pgfcoreshade.code.tex
File: pgfcoreshade.code.tex 2023-01-15 v3.1.10 (3.1.10)
\pgf@max=\dimen269
\pgf@sys@shading@range@num=\count293
\pgf@shadingcount=\count294
) (C:\Users\jrdap\AppData\Local\Programs\MiKTeX\tex/generic/pgf/basiclayer\pgfcoreimage.code.tex
File: pgfcoreimage.code.tex 2023-01-15 v3.1.10 (3.1.10)
) (C:\Users\jrdap\AppData\Local\Programs\MiKTeX\tex/generic/pgf/basiclayer\pgfcoreexternal.code.tex
File: pgfcoreexternal.code.tex 2023-01-15 v3.1.10 (3.1.10)
\pgfexternal@startupbox=\box106
) (C:\Users\jrdap\AppData\Local\Programs\MiKTeX\tex/generic/pgf/basiclayer\pgfcorelayers.code.tex
File: pgfcorelayers.code.tex 2023-01-15 v3.1.10 (3.1.10)
) (C:\Users\jrdap\AppData\Local\Programs\MiKTeX\tex/generic/pgf/basiclayer\pgfcoretransparency.code.tex
File: pgfcoretransparency.code.tex 2023-01-15 v3.1.10 (3.1.10)
) (C:\Users\jrdap\AppData\Local\Programs\MiKTeX\tex/generic/pgf/basiclayer\pgfcorepatterns.code.tex
File: pgfcorepatterns.code.tex 2023-01-15 v3.1.10 (3.1.10)
) (C:\Users\jrdap\AppData\Local\Programs\MiKTeX\tex/generic/pgf/basiclayer\pgfcorerdf.code.tex
File: pgfcorerdf.code.tex 2023-01-15 v3.1.10 (3.1.10)
))) (C:\Users\jrdap\AppData\Local\Programs\MiKTeX\tex/generic/pgf/modules\pgfmoduleshapes.code.tex
File: pgfmoduleshapes.code.tex 2023-01-15 v3.1.10 (3.1.10)
\pgfnodeparttextbox=\box107
) (C:\Users\jrdap\AppData\Local\Programs\MiKTeX\tex/generic/pgf/modules\pgfmoduleplot.code.tex
File: pgfmoduleplot.code.tex 2023-01-15 v3.1.10 (3.1.10)
) (C:\Users\jrdap\AppData\Local\Programs\MiKTeX\tex/latex/pgf/compatibility\pgfcomp-version-0-65.sty
Package: pgfcomp-version-0-65 2023-01-15 v3.1.10 (3.1.10)
\pgf@nodesepstart=\dimen270
\pgf@nodesepend=\dimen271
) (C:\Users\jrdap\AppData\Local\Programs\MiKTeX\tex/latex/pgf/compatibility\pgfcomp-version-1-18.sty
Package: pgfcomp-version-1-18 2023-01-15 v3.1.10 (3.1.10)
)) (C:\Users\jrdap\AppData\Local\Programs\MiKTeX\tex/latex/pgf/utilities\pgffor.sty (C:\Users\jrdap\AppData\Local\Programs\MiKTeX\tex/latex/pgf/utilities\pgfkeys.sty (C:\Users\jrdap\AppData\Local\Programs\MiKTeX\tex/generic/pgf/utilities\pgfkeys.code.tex)) (C:\Users\jrdap\AppData\Local\Programs\MiKTeX\tex/latex/pgf/math\pgfmath.sty (C:\Users\jrdap\AppData\Local\Programs\MiKTeX\tex/generic/pgf/math\pgfmath.code.tex)) (C:\Users\jrdap\AppData\Local\Programs\MiKTeX\tex/generic/pgf/utilities\pgffor.code.tex
Package: pgffor 2023-01-15 v3.1.10 (3.1.10)
\pgffor@iter=\dimen272
\pgffor@skip=\dimen273
\pgffor@stack=\toks38
\pgffor@toks=\toks39
)) (C:\Users\jrdap\AppData\Local\Programs\MiKTeX\tex/generic/pgf/frontendlayer/tikz\tikz.code.tex
Package: tikz 2023-01-15 v3.1.10 (3.1.10)
 (C:\Users\jrdap\AppData\Local\Programs\MiKTeX\tex/generic/pgf/libraries\pgflibraryplothandlers.code.tex
File: pgflibraryplothandlers.code.tex 2023-01-15 v3.1.10 (3.1.10)
\pgf@plot@mark@count=\count295
\pgfplotmarksize=\dimen274
)
\tikz@lastx=\dimen275
\tikz@lasty=\dimen276
\tikz@lastxsaved=\dimen277
\tikz@lastysaved=\dimen278
\tikz@lastmovetox=\dimen279
\tikz@lastmovetoy=\dimen280
\tikzleveldistance=\dimen281
\tikzsiblingdistance=\dimen282
\tikz@figbox=\box108
\tikz@figbox@bg=\box109
\tikz@tempbox=\box110
\tikz@tempbox@bg=\box111
\tikztreelevel=\count296
\tikznumberofchildren=\count297
\tikznumberofcurrentchild=\count298
\tikz@fig@count=\count299
 (C:\Users\jrdap\AppData\Local\Programs\MiKTeX\tex/generic/pgf/modules\pgfmodulematrix.code.tex
File: pgfmodulematrix.code.tex 2023-01-15 v3.1.10 (3.1.10)
\pgfmatrixcurrentrow=\count300
\pgfmatrixcurrentcolumn=\count301
\pgf@matrix@numberofcolumns=\count302
)
\tikz@expandcount=\count303
 (C:\Users\jrdap\AppData\Local\Programs\MiKTeX\tex/generic/pgf/frontendlayer/tikz/libraries\tikzlibrarytopaths.code.tex
File: tikzlibrarytopaths.code.tex 2023-01-15 v3.1.10 (3.1.10)
))) (C:\Users\jrdap\AppData\Local\Programs\MiKTeX\tex/latex/everypage\everypage.sty
Package: everypage 2020/10/17 R2.0b Hooks to run on every page


Package everypage Warning: Functionality similar to this package has recently
(everypage)                been implemented in LaTeX. This package is now in
(everypage)                legacy status.
(everypage)                Please, don't use it in new documents and packages.


Package everypage Warning: You appear to be running a version of LaTeX
(everypage)                providing the new functionality.
(everypage)                Doing the best to deliver the original `everypage`
(everypage)                interface on top of it. Strict equivalence is
(everypage)                not possible, breakage may occur.
(everypage)                If truly needed, Use `everypage-1x` to force the
(everypage)                loading of an older code base.

) (C:\Users\jrdap\AppData\Local\Programs\MiKTeX\tex/latex/tools\afterpage.sty
Package: afterpage 2014/10/28 v1.08 After-Page Package (DPC)
\AP@output=\toks40
\AP@partial=\box112
\AP@footins=\box113
)) (C:\Users\jrdap\AppData\Local\Programs\MiKTeX\tex/generic/pgf/frontendlayer/tikz/libraries\tikzlibrarytrees.code.tex
File: tikzlibrarytrees.code.tex 2023-01-15 v3.1.10 (3.1.10)
) (C:\Users\jrdap\AppData\Local\Programs\MiKTeX\tex/latex/l3backend\l3backend-pdftex.def
File: l3backend-pdftex.def 2023-04-19 L3 backend support: PDF output (pdfTeX)
\l__color_backend_stack_int=\count304
\l__pdf_internal_box=\box114
) (main.aux)
\openout1 = `main.aux'.

LaTeX Font Info:    Checking defaults for OML/cmm/m/it on input line 124.
LaTeX Font Info:    ... okay on input line 124.
LaTeX Font Info:    Checking defaults for OMS/cmsy/m/n on input line 124.
LaTeX Font Info:    ... okay on input line 124.
LaTeX Font Info:    Checking defaults for OT1/cmr/m/n on input line 124.
LaTeX Font Info:    ... okay on input line 124.
LaTeX Font Info:    Checking defaults for T1/cmr/m/n on input line 124.
LaTeX Font Info:    ... okay on input line 124.
LaTeX Font Info:    Checking defaults for TS1/cmr/m/n on input line 124.
LaTeX Font Info:    ... okay on input line 124.
LaTeX Font Info:    Checking defaults for OMX/cmex/m/n on input line 124.
LaTeX Font Info:    ... okay on input line 124.
LaTeX Font Info:    Checking defaults for U/cmr/m/n on input line 124.
LaTeX Font Info:    ... okay on input line 124.
 (C:\Users\jrdap\AppData\Local\Programs\MiKTeX\tex/context/base/mkii\supp-pdf.mkii
[Loading MPS to PDF converter (version 2006.09.02).]
\scratchcounter=\count305
\scratchdimen=\dimen283
\scratchbox=\box115
\nofMPsegments=\count306
\nofMParguments=\count307
\everyMPshowfont=\toks41
\MPscratchCnt=\count308
\MPscratchDim=\dimen284
\MPnumerator=\count309
\makeMPintoPDFobject=\count310
\everyMPtoPDFconversion=\toks42
) (C:\Users\jrdap\AppData\Local\Programs\MiKTeX\tex/latex/epstopdf-pkg\epstopdf-base.sty
Package: epstopdf-base 2020-01-24 v2.11 Base part for package epstopdf
Package epstopdf-base Info: Redefining graphics rule for `.eps' on input line 485.
 (C:\Users\jrdap\AppData\Local\Programs\MiKTeX\tex/latex/00miktex\epstopdf-sys.cfg
File: epstopdf-sys.cfg 2021/03/18 v2.0 Configuration of epstopdf for MiKTeX
))
\c@mv@tabular=\count311
\c@mv@boldtabular=\count312

*geometry* driver: auto-detecting
*geometry* detected driver: pdftex
*geometry* verbose mode - [ preamble ] result:
* driver: pdftex
* paper: <default>
* layout: <same size as paper>
* layoutoffset:(h,v)=(0.0pt,0.0pt)
* modes: 
* h-part:(L,W,R)=(36.98866pt, 540.31767pt, 36.98866pt)
* v-part:(T,H,B)=(32.72049pt, 729.529pt, 32.72049pt)
* \paperwidth=614.295pt
* \paperheight=794.96999pt
* \textwidth=540.31767pt
* \textheight=729.529pt
* \oddsidemargin=-35.28133pt
* \evensidemargin=-35.28133pt
* \topmargin=-76.5495pt
* \headheight=12.0pt
* \headsep=25.0pt
* \topskip=11.0pt
* \footskip=30.0pt
* \marginparwidth=59.0pt
* \marginparsep=10.0pt
* \columnsep=10.0pt
* \skip\footins=10.0pt plus 4.0pt minus 2.0pt
* \hoffset=0.0pt
* \voffset=0.0pt
* \mag=1000
* \@twocolumnfalse
* \@twosidefalse
* \@mparswitchfalse
* \@reversemarginfalse
* (1in=72.27pt=25.4mm, 1cm=28.453pt)

<imagens/capa.jpg, id=4, 600.2425pt x 845.1575pt>
File: imagens/capa.jpg Graphic file (type jpg)
<use imagens/capa.jpg>
Package pdftex.def Info: imagens/capa.jpg  used on input line 126.
(pdftex.def)             Requested size: 614.34581pt x 794.9898pt.
[1{C:/Users/jrdap/AppData/Local/MiKTeX/fonts/map/pdftex/pdftex.map}

 <./imagens/capa.jpg>]
LaTeX Font Info:    External font `cmex10' loaded for size
(Font)              <12> on input line 129.
LaTeX Font Info:    External font `cmex10' loaded for size
(Font)              <8> on input line 129.
LaTeX Font Info:    External font `cmex10' loaded for size
(Font)              <6> on input line 129.
 (informacoes.tex)
<imagens/background.png, id=10, 572.99786pt x 815.61858pt>
File: imagens/background.png Graphic file (type png)
<use imagens/background.png>
Package pdftex.def Info: imagens/background.png  used on input line 135.
(pdftex.def)             Requested size: 572.99646pt x 815.6166pt.
File: imagens/background.png Graphic file (type png)
<use imagens/background.png>
Package pdftex.def Info: imagens/background.png  used on input line 135.
(pdftex.def)             Requested size: 572.99646pt x 815.6166pt.
 [2 <./imagens/background.png>] (main.toc
LaTeX Font Info:    External font `cmex10' loaded for size
(Font)              <10.95> on input line 3.
File: imagens/background.png Graphic file (type png)
<use imagens/background.png>
Package pdftex.def Info: imagens/background.png  used on input line 48.
(pdftex.def)             Requested size: 572.99646pt x 815.6166pt.
 [3]
File: imagens/background.png Graphic file (type png)
<use imagens/background.png>
Package pdftex.def Info: imagens/background.png  used on input line 96.
(pdftex.def)             Requested size: 572.99646pt x 815.6166pt.
 [4]
File: imagens/background.png Graphic file (type png)
<use imagens/background.png>
Package pdftex.def Info: imagens/background.png  used on input line 144.
(pdftex.def)             Requested size: 572.99646pt x 815.6166pt.
 [5])
\tf@toc=\write4
\openout4 = `main.toc'.

File: imagens/background.png Graphic file (type png)
<use imagens/background.png>
Package pdftex.def Info: imagens/background.png  used on input line 137.
(pdftex.def)             Requested size: 572.99646pt x 815.6166pt.
 [6] (credos.tex
<imagens/credos.png, id=35, 1888.05376pt x 2643.8775pt>
File: imagens/credos.png Graphic file (type png)
<use imagens/credos.png>
Package pdftex.def Info: imagens/credos.png  used on input line 45.
(pdftex.def)             Requested size: 614.30164pt x 794.98479pt.
File: imagens/background.png Graphic file (type png)
<use imagens/background.png>
Package pdftex.def Info: imagens/background.png  used on input line 45.
(pdftex.def)             Requested size: 572.99646pt x 815.6166pt.
 [7 <./imagens/credos.png>]) (combate.tex
<imagens/combate.jpg, id=42, 600.2425pt x 845.1575pt>
File: imagens/combate.jpg Graphic file (type jpg)
<use imagens/combate.jpg>
Package pdftex.def Info: imagens/combate.jpg  used on input line 1.
(pdftex.def)             Requested size: 614.34581pt x 794.9898pt.
File: imagens/background.png Graphic file (type png)
<use imagens/background.png>
Package pdftex.def Info: imagens/background.png  used on input line 1.
(pdftex.def)             Requested size: 572.99646pt x 815.6166pt.
 [8 <./imagens/combate.jpg>] (combate/combate_a_distancia.tex
File: imagens/background.png Graphic file (type png)
<use imagens/background.png>
Package pdftex.def Info: imagens/background.png  used on input line 33.
(pdftex.def)             Requested size: 572.99646pt x 815.6166pt.
 [9]) (combate/combate_proximo.tex
File: imagens/background.png Graphic file (type png)
<use imagens/background.png>
Package pdftex.def Info: imagens/background.png  used on input line 26.
(pdftex.def)             Requested size: 572.99646pt x 815.6166pt.
 [10]
File: imagens/background.png Graphic file (type png)
<use imagens/background.png>
Package pdftex.def Info: imagens/background.png  used on input line 85.
(pdftex.def)             Requested size: 572.99646pt x 815.6166pt.
 [11]) (combate/complicacoes.tex) (combate/manobras_especiais.tex
File: imagens/background.png Graphic file (type png)
<use imagens/background.png>
Package pdftex.def Info: imagens/background.png  used on input line 19.
(pdftex.def)             Requested size: 572.99646pt x 815.6166pt.
 [12]
File: imagens/background.png Graphic file (type png)
<use imagens/background.png>
Package pdftex.def Info: imagens/background.png  used on input line 56.
(pdftex.def)             Requested size: 572.99646pt x 815.6166pt.
 [13])
File: imagens/background.png Graphic file (type png)
<use imagens/background.png>
Package pdftex.def Info: imagens/background.png  used on input line 9.
(pdftex.def)             Requested size: 572.99646pt x 815.6166pt.
 [14]
<imagens/manobras_combate.jpg, id=66, 600.2425pt x 845.1575pt>
File: imagens/manobras_combate.jpg Graphic file (type jpg)
<use imagens/manobras_combate.jpg>
Package pdftex.def Info: imagens/manobras_combate.jpg  used on input line 9.
(pdftex.def)             Requested size: 614.34581pt x 794.9898pt.
File: imagens/background.png Graphic file (type png)
<use imagens/background.png>
Package pdftex.def Info: imagens/background.png  used on input line 9.
(pdftex.def)             Requested size: 572.99646pt x 815.6166pt.
 [15 <./imagens/manobras_combate.jpg>] (combate/arquearia.tex) (combate/correntes.tex
File: imagens/background.png Graphic file (type png)
<use imagens/background.png>
Package pdftex.def Info: imagens/background.png  used on input line 26.
(pdftex.def)             Requested size: 572.99646pt x 815.6166pt.
 [16]
Underfull \hbox (badness 10000) in paragraph at lines 33--34
  \TS1/cmr/bx/n/10.95 ˆˆˆˆ \OT1/cmr/bx/n/10.95 Es-tran-gu-la-mento:[] \OT1/cmr/m/n/10.95 Seu per-so-na-gem
 []

) (combate/dk_alberto.tex
File: imagens/background.png Graphic file (type png)
<use imagens/background.png>
Package pdftex.def Info: imagens/background.png  used on input line 39.
(pdftex.def)             Requested size: 572.99646pt x 815.6166pt.
 [17]
File: imagens/background.png Graphic file (type png)
<use imagens/background.png>
Package pdftex.def Info: imagens/background.png  used on input line 103.
(pdftex.def)             Requested size: 572.99646pt x 815.6166pt.
 [18]) (combate/esgrima.tex
File: imagens/background.png Graphic file (type png)
<use imagens/background.png>
Package pdftex.def Info: imagens/background.png  used on input line 41.
(pdftex.def)             Requested size: 572.99646pt x 815.6166pt.
 [19]) (combate/facas.tex
File: imagens/background.png Graphic file (type png)
<use imagens/background.png>
Package pdftex.def Info: imagens/background.png  used on input line 58.
(pdftex.def)             Requested size: 572.99646pt x 815.6166pt.
 [20]) (combate/iskakku.tex
File: imagens/background.png Graphic file (type png)
<use imagens/background.png>
Package pdftex.def Info: imagens/background.png  used on input line 56.
(pdftex.def)             Requested size: 572.99646pt x 815.6166pt.
 [21]) (combate/kailindo.tex
File: imagens/background.png Graphic file (type png)
<use imagens/background.png>
Package pdftex.def Info: imagens/background.png  used on input line 40.
(pdftex.def)             Requested size: 572.99646pt x 815.6166pt.
 [22]
File: imagens/background.png Graphic file (type png)
<use imagens/background.png>
Package pdftex.def Info: imagens/background.png  used on input line 117.
(pdftex.def)             Requested size: 572.99646pt x 815.6166pt.
 [23])
File: imagens/background.png Graphic file (type png)
<use imagens/background.png>
Package pdftex.def Info: imagens/background.png  used on input line 26.
(pdftex.def)             Requested size: 572.99646pt x 815.6166pt.
 [24]
<imagens/taticas_matilha.jpg, id=98, 600.2425pt x 845.1575pt>
File: imagens/taticas_matilha.jpg Graphic file (type jpg)
<use imagens/taticas_matilha.jpg>
Package pdftex.def Info: imagens/taticas_matilha.jpg  used on input line 26.
(pdftex.def)             Requested size: 614.34581pt x 794.9898pt.
File: imagens/background.png Graphic file (type png)
<use imagens/background.png>
Package pdftex.def Info: imagens/background.png  used on input line 26.
(pdftex.def)             Requested size: 572.99646pt x 815.6166pt.
 [25 <./imagens/taticas_matilha.jpg>] (combate/taticas_matilha.tex
File: imagens/background.png Graphic file (type png)
<use imagens/background.png>
Package pdftex.def Info: imagens/background.png  used on input line 40.
(pdftex.def)             Requested size: 572.99646pt x 815.6166pt.
 [26]
File: imagens/background.png Graphic file (type png)
<use imagens/background.png>
Package pdftex.def Info: imagens/background.png  used on input line 83.
(pdftex.def)             Requested size: 572.99646pt x 815.6166pt.
 [27])) (sistemas_dramaticos.tex
File: imagens/background.png Graphic file (type png)
<use imagens/background.png>
Package pdftex.def Info: imagens/background.png  used on input line 1.
(pdftex.def)             Requested size: 572.99646pt x 815.6166pt.
 [28]
<imagens/sistemas_dramaticos.jpg, id=112, 600.2425pt x 845.1575pt>
File: imagens/sistemas_dramaticos.jpg Graphic file (type jpg)
<use imagens/sistemas_dramaticos.jpg>
Package pdftex.def Info: imagens/sistemas_dramaticos.jpg  used on input line 1.
(pdftex.def)             Requested size: 614.34581pt x 794.9898pt.
File: imagens/background.png Graphic file (type png)
<use imagens/background.png>
Package pdftex.def Info: imagens/background.png  used on input line 1.
(pdftex.def)             Requested size: 572.99646pt x 815.6166pt.
 [29 <./imagens/sistemas_dramaticos.jpg>]) (tabelas.tex
File: imagens/background.png Graphic file (type png)
<use imagens/background.png>
Package pdftex.def Info: imagens/background.png  used on input line 1.
(pdftex.def)             Requested size: 572.99646pt x 815.6166pt.
 [30]
<imagens/conhecimentos.jpg, id=119, 600.2425pt x 845.1575pt>
File: imagens/conhecimentos.jpg Graphic file (type jpg)
<use imagens/conhecimentos.jpg>
Package pdftex.def Info: imagens/conhecimentos.jpg  used on input line 1.
(pdftex.def)             Requested size: 614.34581pt x 794.9898pt.
File: imagens/background.png Graphic file (type png)
<use imagens/background.png>
Package pdftex.def Info: imagens/background.png  used on input line 1.
(pdftex.def)             Requested size: 572.99646pt x 815.6166pt.
 [31 <./imagens/conhecimentos.jpg>] (tabelas/armas_brancas.tex)
File: imagens/background.png Graphic file (type png)
<use imagens/background.png>
Package pdftex.def Info: imagens/background.png  used on input line 28.
(pdftex.def)             Requested size: 572.99646pt x 815.6166pt.
 [32] (tabelas/armas_fogo.tex

LaTeX Warning: Reference `revolver' on page 33 undefined on input line 11.


LaTeX Warning: Reference `pistola_leve' on page 33 undefined on input line 18.


LaTeX Warning: Reference `pistola_pesada' on page 33 undefined on input line 23.


LaTeX Warning: Reference `pistola_auto' on page 33 undefined on input line 28.


LaTeX Warning: Reference `barra_pesada' on page 33 undefined on input line 33.


LaTeX Warning: Reference `escopeta' on page 33 undefined on input line 38.


LaTeX Warning: Reference `subm_leve' on page 33 undefined on input line 43.


LaTeX Warning: Reference `fuzil_monotiro' on page 33 undefined on input line 49.


LaTeX Warning: Reference `fuzil_assalto' on page 33 undefined on input line 56.


LaTeX Warning: Reference `rifle' on page 33 undefined on input line 63.

File: imagens/background.png Graphic file (type png)
<use imagens/background.png>
Package pdftex.def Info: imagens/background.png  used on input line 92.
(pdftex.def)             Requested size: 572.99646pt x 815.6166pt.
[33])
File: imagens/background.png Graphic file (type png)
<use imagens/background.png>
Package pdftex.def Info: imagens/background.png  used on input line 31.
(pdftex.def)             Requested size: 572.99646pt x 815.6166pt.
 [34] (tabelas/rituais.tex)
File: imagens/background.png Graphic file (type png)
<use imagens/background.png>
Package pdftex.def Info: imagens/background.png  used on input line 38.
(pdftex.def)             Requested size: 572.99646pt x 815.6166pt.
 [35] (tabelas/tabela_xp_posto.tex)
File: imagens/background.png Graphic file (type png)
<use imagens/background.png>
Package pdftex.def Info: imagens/background.png  used on input line 43.
(pdftex.def)             Requested size: 572.99646pt x 815.6166pt.
 [36]) (litania.tex
<imagens/litania.png, id=140, 604.1772pt x 846.0408pt>
File: imagens/litania.png Graphic file (type png)
<use imagens/litania.png>
Package pdftex.def Info: imagens/litania.png  used on input line 38.
(pdftex.def)             Requested size: 614.34425pt x 794.99446pt.
File: imagens/background.png Graphic file (type png)
<use imagens/background.png>
Package pdftex.def Info: imagens/background.png  used on input line 38.
(pdftex.def)             Requested size: 572.99646pt x 815.6166pt.
 [37 <./imagens/litania.png>])
<imagens/fundo.jpg, id=146, 603.25375pt x 844.15375pt>
File: imagens/fundo.jpg Graphic file (type jpg)
<use imagens/fundo.jpg>
Package pdftex.def Info: imagens/fundo.jpg  used on input line 148.
(pdftex.def)             Requested size: 614.28894pt x 794.98593pt.
File: imagens/background.png Graphic file (type png)
<use imagens/background.png>
Package pdftex.def Info: imagens/background.png  used on input line 148.
(pdftex.def)             Requested size: 572.99646pt x 815.6166pt.
 [38 <./imagens/fundo.jpg>] (main.aux)

LaTeX Warning: There were undefined references.

 ) 
Here is how much of TeX's memory you used:
 15407 strings out of 476360
 319871 string characters out of 5788025
 1885993 words of memory out of 5000000
 35457 multiletter control sequences out of 15000+600000
 520883 words of font info for 60 fonts, out of 8000000 for 9000
 1141 hyphenation exceptions out of 8191
 99i,14n,94p,1079b,1055s stack positions out of 10000i,1000n,20000p,200000b,200000s
 <C:\Users\jrdap\AppData\Local\MiKTeX\fonts/pk/ljfour/jknappen/ec/dpi600\tcbx1095.pk> <C:\Users\jrdap\AppData\Local\MiKTeX\fonts/pk/ljfour/jknappen/ec/dpi600\tcrm1095.pk><C:/Users/jrdap/AppData/Local/Programs/MiKTeX/fonts/type1/public/amsfonts/cm/cmbx10.pfb><C:/Users/jrdap/AppData/Local/Programs/MiKTeX/fonts/type1/public/amsfonts/cm/cmbx12.pfb><C:/Users/jrdap/AppData/Local/Programs/MiKTeX/fonts/type1/public/amsfonts/cm/cmbxti10.pfb><C:/Users/jrdap/AppData/Local/Programs/MiKTeX/fonts/type1/public/amsfonts/cm/cmr10.pfb><C:/Users/jrdap/AppData/Local/Programs/MiKTeX/fonts/type1/public/amsfonts/cm/cmr12.pfb><C:/Users/jrdap/AppData/Local/Programs/MiKTeX/fonts/type1/public/amsfonts/cm/cmsy10.pfb><C:/Users/jrdap/AppData/Local/Programs/MiKTeX/fonts/type1/public/amsfonts/cm/cmti10.pfb><C:/Users/jrdap/AppData/Local/Programs/MiKTeX/fonts/type1/public/amsfonts/cm/cmti12.pfb><C:/Users/jrdap/AppData/Local/Programs/MiKTeX/fonts/type1/public/amsfonts/cm/cmtt10.pfb>
Output written on main.pdf (38 pages, 2475625 bytes).
PDF statistics:
 200 PDF objects out of 1000 (max. 8388607)
 0 named destinations out of 1000 (max. 500000)
 63 words of extra memory for PDF output out of 10000 (max. 10000000)

